<?xml version="1.0" encoding="UTF-8"?>
<testsuite xmlns:xsi="http://www.w3.org/2001/XMLSchema-instance" xsi:noNamespaceSchemaLocation="https://maven.apache.org/surefire/maven-surefire-plugin/xsd/surefire-test-report.xsd" name="com.rmm.core.integrity.CustomerTest" time="0.435" tests="6" errors="0" skipped="0" failures="0">
  <properties>
[...]
</properties>
  <testcase name="test1_addCustomer" classname="com.rmm.core.integrity.CustomerTest" time="0.1"/>
  <testcase name="test2_updateCustomer" classname="com.rmm.core.integrity.CustomerTest" time="0.059"/>
  <testcase name="test3_getCustomer" classname="com.rmm.core.integrity.CustomerTest" time="0.059"/>
  <testcase name="test4_deleteCustomer" classname="com.rmm.core.integrity.CustomerTest" time="0.08"/>
  <testcase name="test5_getCustomerNotExist" classname="com.rmm.core.integrity.CustomerTest" time="0.066"/>
  <testcase name="test6_getAllCustomer" classname="com.rmm.core.integrity.CustomerTest" time="0.071"/>
</testsuite>